\BOOKMARK [0][-]{chapter*.2}{Abstract}{}% 1
\BOOKMARK [0][-]{chapter*.3}{Acknowledgments}{}% 2
\BOOKMARK [0][-]{chapter*.4}{Terminology}{}% 3
\BOOKMARK [0][-]{chapter.1}{Introduction}{}% 4
\BOOKMARK [0][-]{chapter.2}{Problem statement}{}% 5
\BOOKMARK [1][-]{section.2.1}{Justification / Motivation}{chapter.2}% 6
\BOOKMARK [1][-]{section.2.2}{Objectives}{chapter.2}% 7
\BOOKMARK [1][-]{section.2.3}{Scope}{chapter.2}% 8
\BOOKMARK [0][-]{chapter.3}{Related technologies}{}% 9
\BOOKMARK [1][-]{section.3.1}{Commercial Enterprise Cluster Software}{chapter.3}% 10
\BOOKMARK [2][-]{subsection.3.1.1}{HP Serviceguard}{section.3.1}% 11
\BOOKMARK [2][-]{subsection.3.1.2}{Red Hat Cluster Suite}{section.3.1}% 12
\BOOKMARK [2][-]{subsection.3.1.3}{SUSE Linux Enterprise High Availability Extension}{section.3.1}% 13
\BOOKMARK [1][-]{section.3.2}{High availability FOSS based tools}{chapter.3}% 14
\BOOKMARK [0][-]{chapter.4}{Methodology}{}% 15
\BOOKMARK [0][-]{chapter.5}{Architecture}{}% 16
\BOOKMARK [1][-]{section.5.1}{Company Infrastructure}{chapter.5}% 17
\BOOKMARK [1][-]{section.5.2}{Existent Hardware}{chapter.5}% 18
\BOOKMARK [1][-]{section.5.3}{Company Network Scheme}{chapter.5}% 19
\BOOKMARK [1][-]{section.5.4}{Software Supporting the Infrastructure}{chapter.5}% 20
\BOOKMARK [0][-]{chapter.6}{Technological background}{}% 21
\BOOKMARK [0][-]{chapter.7}{Implementation}{}% 22
\BOOKMARK [1][-]{section.7.1}{Operating system considerations}{chapter.7}% 23
\BOOKMARK [2][-]{subsection.7.1.1}{FQDN hostnames and IP addresses}{section.7.1}% 24
\BOOKMARK [2][-]{subsection.7.1.2}{Network}{section.7.1}% 25
\BOOKMARK [2][-]{subsection.7.1.3}{ZCS dependencies}{section.7.1}% 26
\BOOKMARK [1][-]{section.7.2}{DRBD}{chapter.7}% 27
\BOOKMARK [2][-]{subsection.7.2.1}{Initial configuration}{section.7.2}% 28
\BOOKMARK [2][-]{subsection.7.2.2}{DRBD Split Brain Recovery}{section.7.2}% 29
\BOOKMARK [1][-]{section.7.3}{ZCS}{chapter.7}% 30
\BOOKMARK [2][-]{subsection.7.3.1}{ZCS full install on primary node}{section.7.3}% 31
\BOOKMARK [2][-]{subsection.7.3.2}{ZCS dummy install on secondary node}{section.7.3}% 32
\BOOKMARK [1][-]{section.7.4}{OCF}{chapter.7}% 33
\BOOKMARK [1][-]{section.7.5}{Pacemaker}{chapter.7}% 34
\BOOKMARK [1][-]{section.7.6}{Control and check services}{chapter.7}% 35
\BOOKMARK [1][-]{section.7.7}{Testing failover}{chapter.7}% 36
\BOOKMARK [0][-]{chapter.8}{Results and discussion}{}% 37
\BOOKMARK [0][-]{chapter.9}{Conclusions and future work}{}% 38
\BOOKMARK [0][-]{chapter*.41}{Bibliography}{}% 39
\BOOKMARK [0][-]{appendix.A}{Btactic zimbra script}{}% 40
\BOOKMARK [0][-]{appendix.B}{Commits evolution python script}{}% 41
\BOOKMARK [0][-]{appendix.C}{Active committers evolution python script}{}% 42
